14:12:57.743 [main] INFO  api.test.UserTests - ****** Creating User *******
14:13:05.484 [main] INFO  api.test.UserTests - ****** User is created *******
14:13:05.532 [main] INFO  api.test.UserTests - ****** Reading User info *******
14:13:07.626 [main] INFO  api.test.UserTests - ****** User info is displayed *******
14:13:07.632 [main] INFO  api.test.UserTests - ****** Updating user *******
14:13:07.635 [main] INFO  api.test.UserTests - ****** Updated user *******
14:13:11.661 [main] INFO  api.test.UserTests - ****** Deleting user *******
14:13:13.981 [main] INFO  api.test.UserTests - ****** User deleted *******
19:10:50.012 [main] DEBUG org.apache.poi.openxml4j.opc.PackageRelationshipCollection - Parsing relationship: /xl/_rels/workbook.xml.rels
19:10:50.040 [main] DEBUG org.apache.poi.openxml4j.opc.PackageRelationshipCollection - Parsing relationship: /xl/worksheets/_rels/sheet1.xml.rels
19:10:50.040 [main] DEBUG org.apache.poi.openxml4j.opc.PackageRelationshipCollection - Parsing relationship: /_rels/.rels
19:10:50.357 [main] TRACE org.apache.xmlbeans.impl.common.XBeanDebug - Loading type system org.apache.poi.schemas.ooxml.system.ooxml
19:10:50.362 [main] TRACE org.apache.xmlbeans.impl.common.XBeanDebug - Loading type system org.apache.xmlbeans.metadata.system.sXMLCONFIG
19:10:50.362 [main] TRACE org.apache.xmlbeans.impl.common.XBeanDebug - Loading type system org.apache.xmlbeans.metadata.system.sXMLLANG
19:10:50.367 [main] TRACE org.apache.xmlbeans.impl.common.XBeanDebug - Loading type system org.apache.xmlbeans.metadata.system.sXMLSCHEMA
19:10:50.367 [main] TRACE org.apache.xmlbeans.impl.common.XBeanDebug - Loading type system org.apache.xmlbeans.metadata.system.sXMLTOOLS
19:10:50.372 [main] TRACE org.apache.xmlbeans.impl.common.XBeanDebug - Reading unresolved handles for type system org.apache.xmlbeans.metadata.system.sXMLTOOLS
19:10:50.407 [main] TRACE org.apache.xmlbeans.impl.common.XBeanDebug - Finished loading type system org.apache.xmlbeans.metadata.system.sXMLTOOLS
19:10:50.407 [main] TRACE org.apache.xmlbeans.impl.common.XBeanDebug - Reading unresolved handles for type system org.apache.xmlbeans.metadata.system.sXMLSCHEMA
19:10:50.422 [main] TRACE org.apache.xmlbeans.impl.common.XBeanDebug - Finished loading type system org.apache.xmlbeans.metadata.system.sXMLSCHEMA
19:10:50.422 [main] TRACE org.apache.xmlbeans.impl.common.XBeanDebug - Reading unresolved handles for type system org.apache.xmlbeans.metadata.system.sXMLLANG
19:10:50.422 [main] TRACE org.apache.xmlbeans.impl.common.XBeanDebug - Finished loading type system org.apache.xmlbeans.metadata.system.sXMLLANG
19:10:50.427 [main] TRACE org.apache.xmlbeans.impl.common.XBeanDebug - Reading unresolved handles for type system org.apache.xmlbeans.metadata.system.sXMLCONFIG
19:10:50.427 [main] TRACE org.apache.xmlbeans.impl.common.XBeanDebug - Finished loading type system org.apache.xmlbeans.metadata.system.sXMLCONFIG
19:10:50.432 [main] TRACE org.apache.xmlbeans.impl.common.XBeanDebug - Reading unresolved handles for type system org.apache.poi.schemas.ooxml.system.ooxml
19:10:50.537 [main] TRACE org.apache.xmlbeans.impl.common.XBeanDebug - Finished loading type system org.apache.poi.schemas.ooxml.system.ooxml
19:10:50.537 [main] TRACE org.apache.xmlbeans.impl.common.XBeanDebug - Resolving type for handle themefd26doctype
19:10:50.638 [main] TRACE org.apache.xmlbeans.impl.common.XBeanDebug - Resolving type for handle stylesheet5d8bdoctype
19:10:50.653 [main] TRACE org.apache.xmlbeans.impl.common.XBeanDebug - Resolving type for handle ctstylesheet4257type
19:10:50.658 [main] TRACE org.apache.xmlbeans.impl.common.XBeanDebug - Resolving type for handle ctfonts6623type
19:10:50.663 [main] TRACE org.apache.xmlbeans.impl.common.XBeanDebug - Resolving type for handle ctfont14d8type
19:10:50.673 [main] TRACE org.apache.xmlbeans.impl.common.XBeanDebug - Resolving type for handle ctfills2c6ftype
19:10:50.678 [main] TRACE org.apache.xmlbeans.impl.common.XBeanDebug - Resolving type for handle ctfill550ctype
19:10:50.678 [main] TRACE org.apache.xmlbeans.impl.common.XBeanDebug - Resolving type for handle ctborders0d66type
19:10:50.683 [main] TRACE org.apache.xmlbeans.impl.common.XBeanDebug - Resolving type for handle ctborderf935type
19:10:50.688 [main] TRACE org.apache.xmlbeans.impl.common.XBeanDebug - Resolving type for handle ctcellxfs1322type
19:10:50.688 [main] TRACE org.apache.xmlbeans.impl.common.XBeanDebug - Resolving type for handle ctxf97f7type
19:10:50.697 [main] TRACE org.apache.xmlbeans.impl.common.XBeanDebug - Resolving type for handle ctcellstylexfsa81ftype
19:10:50.697 [main] TRACE org.apache.xmlbeans.impl.common.XBeanDebug - Resolving type for handle ctdxfsb26atype
19:10:50.702 [main] TRACE org.apache.xmlbeans.impl.common.XBeanDebug - Resolving type for handle cttablestyles872ftype
19:10:50.702 [main] TRACE org.apache.xmlbeans.impl.common.XBeanDebug - Resolving type for handle sstf81fdoctype
19:10:50.714 [main] TRACE org.apache.xmlbeans.impl.common.XBeanDebug - Resolving type for handle ctsst44f3type
19:10:50.734 [main] TRACE org.apache.xmlbeans.impl.common.XBeanDebug - Resolving type for handle ctrsta472type
19:10:50.769 [main] TRACE org.apache.xmlbeans.impl.common.XBeanDebug - Resolving type for handle workbookec17doctype
19:10:50.779 [main] TRACE org.apache.xmlbeans.impl.common.XBeanDebug - Resolving type for handle ctworkbook83c3type
19:10:50.789 [main] TRACE org.apache.xmlbeans.impl.common.XBeanDebug - Resolving type for handle ctsheets49fdtype
19:10:50.789 [main] TRACE org.apache.xmlbeans.impl.common.XBeanDebug - Resolving type for handle ctsheet4dbetype
19:10:50.794 [main] TRACE org.apache.xmlbeans.impl.common.XBeanDebug - Resolving type for handle strelationshipid1e94type
19:10:50.797 [main] TRACE org.apache.xmlbeans.impl.common.XBeanDebug - Resolving type for handle worksheetf539doctype
19:10:50.802 [main] TRACE org.apache.xmlbeans.impl.common.XBeanDebug - Resolving type for handle ctworksheet530dtype
19:10:50.813 [main] TRACE org.apache.xmlbeans.impl.common.XBeanDebug - Resolving type for handle ctsheetdata8408type
19:10:50.818 [main] TRACE org.apache.xmlbeans.impl.common.XBeanDebug - Resolving type for handle ctrowdd39type
19:10:50.828 [main] TRACE org.apache.xmlbeans.impl.common.XBeanDebug - Resolving type for handle ctcell842btype
19:10:50.838 [main] TRACE org.apache.xmlbeans.impl.common.XBeanDebug - Resolving type for handle stcellrefe4e0type
19:10:50.847 [main] TRACE org.apache.xmlbeans.impl.common.XBeanDebug - Resolving type for handle ctcols627ctype
19:10:50.857 [main] TRACE org.apache.xmlbeans.impl.common.XBeanDebug - Resolving type for handle ctcola95ftype
19:10:50.892 [main] TRACE org.apache.xmlbeans.impl.common.XBeanDebug - Resolving type for handle cthyperlinks6416type
19:10:50.892 [main] TRACE org.apache.xmlbeans.impl.common.XBeanDebug - Resolving type for handle cthyperlink0c85type
19:10:50.902 [main] TRACE org.apache.xmlbeans.impl.common.XBeanDebug - Resolving type for handle stxstringf179type
19:10:50.918 [main] DEBUG org.apache.poi.openxml4j.opc.PackageRelationshipCollection - Parsing relationship: /xl/_rels/workbook.xml.rels
19:10:50.923 [main] DEBUG org.apache.poi.openxml4j.opc.PackageRelationshipCollection - Parsing relationship: /xl/worksheets/_rels/sheet1.xml.rels
19:10:50.928 [main] DEBUG org.apache.poi.openxml4j.opc.PackageRelationshipCollection - Parsing relationship: /_rels/.rels
19:10:50.993 [main] DEBUG org.apache.poi.openxml4j.opc.PackageRelationshipCollection - Parsing relationship: /xl/_rels/workbook.xml.rels
19:10:50.993 [main] DEBUG org.apache.poi.openxml4j.opc.PackageRelationshipCollection - Parsing relationship: /xl/worksheets/_rels/sheet1.xml.rels
19:10:50.997 [main] DEBUG org.apache.poi.openxml4j.opc.PackageRelationshipCollection - Parsing relationship: /_rels/.rels
19:10:51.057 [main] TRACE org.apache.xmlbeans.impl.common.XBeanDebug - Resolving type for handle stcelltypebf95type
19:10:51.069 [main] TRACE org.apache.xmlbeans.impl.common.XBeanDebug - Resolving type for handle stcellstylexfid70c7type
19:10:51.074 [main] TRACE org.apache.xmlbeans.impl.common.XBeanDebug - Resolving type for handle stnumfmtid76fbtype
19:10:51.079 [main] TRACE org.apache.xmlbeans.impl.common.XBeanDebug - Resolving type for handle ctworkbookpr03a5type
19:10:51.097 [main] DEBUG org.apache.poi.openxml4j.opc.PackageRelationshipCollection - Parsing relationship: /xl/_rels/workbook.xml.rels
19:10:51.097 [main] DEBUG org.apache.poi.openxml4j.opc.PackageRelationshipCollection - Parsing relationship: /xl/worksheets/_rels/sheet1.xml.rels
19:10:51.102 [main] DEBUG org.apache.poi.openxml4j.opc.PackageRelationshipCollection - Parsing relationship: /_rels/.rels
19:10:51.164 [main] DEBUG org.apache.poi.openxml4j.opc.PackageRelationshipCollection - Parsing relationship: /xl/_rels/workbook.xml.rels
19:10:51.164 [main] DEBUG org.apache.poi.openxml4j.opc.PackageRelationshipCollection - Parsing relationship: /xl/worksheets/_rels/sheet1.xml.rels
19:10:51.169 [main] DEBUG org.apache.poi.openxml4j.opc.PackageRelationshipCollection - Parsing relationship: /_rels/.rels
19:10:51.217 [main] DEBUG org.apache.poi.openxml4j.opc.PackageRelationshipCollection - Parsing relationship: /xl/_rels/workbook.xml.rels
19:10:51.222 [main] DEBUG org.apache.poi.openxml4j.opc.PackageRelationshipCollection - Parsing relationship: /xl/worksheets/_rels/sheet1.xml.rels
19:10:51.222 [main] DEBUG org.apache.poi.openxml4j.opc.PackageRelationshipCollection - Parsing relationship: /_rels/.rels
19:10:51.272 [main] DEBUG org.apache.poi.openxml4j.opc.PackageRelationshipCollection - Parsing relationship: /xl/_rels/workbook.xml.rels
19:10:51.277 [main] DEBUG org.apache.poi.openxml4j.opc.PackageRelationshipCollection - Parsing relationship: /xl/worksheets/_rels/sheet1.xml.rels
19:10:51.282 [main] DEBUG org.apache.poi.openxml4j.opc.PackageRelationshipCollection - Parsing relationship: /_rels/.rels
19:10:51.332 [main] DEBUG org.apache.poi.openxml4j.opc.PackageRelationshipCollection - Parsing relationship: /xl/_rels/workbook.xml.rels
19:10:51.332 [main] DEBUG org.apache.poi.openxml4j.opc.PackageRelationshipCollection - Parsing relationship: /xl/worksheets/_rels/sheet1.xml.rels
19:10:51.332 [main] DEBUG org.apache.poi.openxml4j.opc.PackageRelationshipCollection - Parsing relationship: /_rels/.rels
19:10:51.387 [main] DEBUG org.apache.poi.openxml4j.opc.PackageRelationshipCollection - Parsing relationship: /xl/_rels/workbook.xml.rels
19:10:51.392 [main] DEBUG org.apache.poi.openxml4j.opc.PackageRelationshipCollection - Parsing relationship: /xl/worksheets/_rels/sheet1.xml.rels
19:10:51.392 [main] DEBUG org.apache.poi.openxml4j.opc.PackageRelationshipCollection - Parsing relationship: /_rels/.rels
19:10:51.447 [main] DEBUG org.apache.poi.openxml4j.opc.PackageRelationshipCollection - Parsing relationship: /xl/_rels/workbook.xml.rels
19:10:51.452 [main] DEBUG org.apache.poi.openxml4j.opc.PackageRelationshipCollection - Parsing relationship: /xl/worksheets/_rels/sheet1.xml.rels
19:10:51.452 [main] DEBUG org.apache.poi.openxml4j.opc.PackageRelationshipCollection - Parsing relationship: /_rels/.rels
19:10:51.502 [main] DEBUG org.apache.poi.openxml4j.opc.PackageRelationshipCollection - Parsing relationship: /xl/_rels/workbook.xml.rels
19:10:51.502 [main] DEBUG org.apache.poi.openxml4j.opc.PackageRelationshipCollection - Parsing relationship: /xl/worksheets/_rels/sheet1.xml.rels
19:10:51.507 [main] DEBUG org.apache.poi.openxml4j.opc.PackageRelationshipCollection - Parsing relationship: /_rels/.rels
19:10:51.562 [main] DEBUG org.apache.poi.openxml4j.opc.PackageRelationshipCollection - Parsing relationship: /xl/_rels/workbook.xml.rels
19:10:51.562 [main] DEBUG org.apache.poi.openxml4j.opc.PackageRelationshipCollection - Parsing relationship: /xl/worksheets/_rels/sheet1.xml.rels
19:10:51.562 [main] DEBUG org.apache.poi.openxml4j.opc.PackageRelationshipCollection - Parsing relationship: /_rels/.rels
19:10:51.612 [main] DEBUG org.apache.poi.openxml4j.opc.PackageRelationshipCollection - Parsing relationship: /xl/_rels/workbook.xml.rels
19:10:51.612 [main] DEBUG org.apache.poi.openxml4j.opc.PackageRelationshipCollection - Parsing relationship: /xl/worksheets/_rels/sheet1.xml.rels
19:10:51.612 [main] DEBUG org.apache.poi.openxml4j.opc.PackageRelationshipCollection - Parsing relationship: /_rels/.rels
19:10:51.667 [main] DEBUG org.apache.poi.openxml4j.opc.PackageRelationshipCollection - Parsing relationship: /xl/_rels/workbook.xml.rels
19:10:51.671 [main] DEBUG org.apache.poi.openxml4j.opc.PackageRelationshipCollection - Parsing relationship: /xl/worksheets/_rels/sheet1.xml.rels
19:10:51.671 [main] DEBUG org.apache.poi.openxml4j.opc.PackageRelationshipCollection - Parsing relationship: /_rels/.rels
19:10:51.717 [main] DEBUG org.apache.poi.openxml4j.opc.PackageRelationshipCollection - Parsing relationship: /xl/_rels/workbook.xml.rels
19:10:51.717 [main] DEBUG org.apache.poi.openxml4j.opc.PackageRelationshipCollection - Parsing relationship: /xl/worksheets/_rels/sheet1.xml.rels
19:10:51.722 [main] DEBUG org.apache.poi.openxml4j.opc.PackageRelationshipCollection - Parsing relationship: /_rels/.rels
19:10:51.767 [main] DEBUG org.apache.poi.openxml4j.opc.PackageRelationshipCollection - Parsing relationship: /xl/_rels/workbook.xml.rels
19:10:51.772 [main] DEBUG org.apache.poi.openxml4j.opc.PackageRelationshipCollection - Parsing relationship: /xl/worksheets/_rels/sheet1.xml.rels
19:10:51.772 [main] DEBUG org.apache.poi.openxml4j.opc.PackageRelationshipCollection - Parsing relationship: /_rels/.rels
19:10:51.902 [main] DEBUG org.apache.poi.openxml4j.opc.PackageRelationshipCollection - Parsing relationship: /xl/_rels/workbook.xml.rels
19:10:51.907 [main] DEBUG org.apache.poi.openxml4j.opc.PackageRelationshipCollection - Parsing relationship: /xl/worksheets/_rels/sheet1.xml.rels
19:10:51.912 [main] DEBUG org.apache.poi.openxml4j.opc.PackageRelationshipCollection - Parsing relationship: /_rels/.rels
19:10:51.957 [main] DEBUG org.apache.poi.openxml4j.opc.PackageRelationshipCollection - Parsing relationship: /xl/_rels/workbook.xml.rels
19:10:51.957 [main] DEBUG org.apache.poi.openxml4j.opc.PackageRelationshipCollection - Parsing relationship: /xl/worksheets/_rels/sheet1.xml.rels
19:10:51.962 [main] DEBUG org.apache.poi.openxml4j.opc.PackageRelationshipCollection - Parsing relationship: /_rels/.rels
19:10:52.002 [main] DEBUG org.apache.poi.openxml4j.opc.PackageRelationshipCollection - Parsing relationship: /xl/_rels/workbook.xml.rels
19:10:52.002 [main] DEBUG org.apache.poi.openxml4j.opc.PackageRelationshipCollection - Parsing relationship: /xl/worksheets/_rels/sheet1.xml.rels
19:10:52.002 [main] DEBUG org.apache.poi.openxml4j.opc.PackageRelationshipCollection - Parsing relationship: /_rels/.rels
19:10:52.037 [main] DEBUG org.apache.poi.openxml4j.opc.PackageRelationshipCollection - Parsing relationship: /xl/_rels/workbook.xml.rels
19:10:52.042 [main] DEBUG org.apache.poi.openxml4j.opc.PackageRelationshipCollection - Parsing relationship: /xl/worksheets/_rels/sheet1.xml.rels
19:10:52.042 [main] DEBUG org.apache.poi.openxml4j.opc.PackageRelationshipCollection - Parsing relationship: /_rels/.rels
19:10:52.077 [main] DEBUG org.apache.poi.openxml4j.opc.PackageRelationshipCollection - Parsing relationship: /xl/_rels/workbook.xml.rels
19:10:52.082 [main] DEBUG org.apache.poi.openxml4j.opc.PackageRelationshipCollection - Parsing relationship: /xl/worksheets/_rels/sheet1.xml.rels
19:10:52.082 [main] DEBUG org.apache.poi.openxml4j.opc.PackageRelationshipCollection - Parsing relationship: /_rels/.rels
19:10:52.117 [main] DEBUG org.apache.poi.openxml4j.opc.PackageRelationshipCollection - Parsing relationship: /xl/_rels/workbook.xml.rels
19:10:52.117 [main] DEBUG org.apache.poi.openxml4j.opc.PackageRelationshipCollection - Parsing relationship: /xl/worksheets/_rels/sheet1.xml.rels
19:10:52.122 [main] DEBUG org.apache.poi.openxml4j.opc.PackageRelationshipCollection - Parsing relationship: /_rels/.rels
19:10:52.162 [main] DEBUG org.apache.poi.openxml4j.opc.PackageRelationshipCollection - Parsing relationship: /xl/_rels/workbook.xml.rels
19:10:52.162 [main] DEBUG org.apache.poi.openxml4j.opc.PackageRelationshipCollection - Parsing relationship: /xl/worksheets/_rels/sheet1.xml.rels
19:10:52.162 [main] DEBUG org.apache.poi.openxml4j.opc.PackageRelationshipCollection - Parsing relationship: /_rels/.rels
19:11:03.262 [main] INFO  api.test.UserTests - ****** Creating User *******
19:11:05.810 [main] INFO  api.test.UserTests - ****** User is created *******
19:11:05.861 [main] DEBUG org.apache.poi.openxml4j.opc.PackageRelationshipCollection - Parsing relationship: /xl/_rels/workbook.xml.rels
19:11:05.866 [main] DEBUG org.apache.poi.openxml4j.opc.PackageRelationshipCollection - Parsing relationship: /xl/worksheets/_rels/sheet1.xml.rels
19:11:05.871 [main] DEBUG org.apache.poi.openxml4j.opc.PackageRelationshipCollection - Parsing relationship: /_rels/.rels
19:11:05.911 [main] DEBUG org.apache.poi.openxml4j.opc.PackageRelationshipCollection - Parsing relationship: /xl/_rels/workbook.xml.rels
19:11:05.911 [main] DEBUG org.apache.poi.openxml4j.opc.PackageRelationshipCollection - Parsing relationship: /xl/worksheets/_rels/sheet1.xml.rels
19:11:05.916 [main] DEBUG org.apache.poi.openxml4j.opc.PackageRelationshipCollection - Parsing relationship: /_rels/.rels
19:11:05.957 [main] DEBUG org.apache.poi.openxml4j.opc.PackageRelationshipCollection - Parsing relationship: /xl/_rels/workbook.xml.rels
19:11:05.967 [main] DEBUG org.apache.poi.openxml4j.opc.PackageRelationshipCollection - Parsing relationship: /xl/worksheets/_rels/sheet1.xml.rels
19:11:05.972 [main] DEBUG org.apache.poi.openxml4j.opc.PackageRelationshipCollection - Parsing relationship: /_rels/.rels
19:11:05.997 [main] DEBUG org.apache.poi.openxml4j.opc.PackageRelationshipCollection - Parsing relationship: /xl/_rels/workbook.xml.rels
19:11:06.002 [main] DEBUG org.apache.poi.openxml4j.opc.PackageRelationshipCollection - Parsing relationship: /xl/worksheets/_rels/sheet1.xml.rels
19:11:06.002 [main] DEBUG org.apache.poi.openxml4j.opc.PackageRelationshipCollection - Parsing relationship: /_rels/.rels
19:11:12.916 [main] INFO  api.test.UserTests - ****** Reading User info *******
19:11:15.643 [main] INFO  api.test.UserTests - ****** User info is displayed *******
19:11:15.647 [main] INFO  api.test.UserTests - ****** Updating user *******
19:11:15.647 [main] INFO  api.test.UserTests - ****** Updated user *******
19:11:19.615 [main] INFO  api.test.UserTests - ****** Deleting user *******
19:11:21.768 [main] INFO  api.test.UserTests - ****** User deleted *******
07:34:20.208 [main] INFO  api.test.UserTests2 - ****** Creating User *******
07:34:28.371 [main] INFO  api.test.UserTests2 - ****** Reading User info *******
07:34:33.057 [main] INFO  api.test.UserTests2 - ****** Updating user *******
07:34:33.061 [main] INFO  api.test.UserTests2 - ****** Updated user *******
07:34:37.493 [main] INFO  api.test.UserTests2 - ****** Deleting user *******
07:34:39.661 [main] INFO  api.test.UserTests2 - ****** User deleted *******
07:41:40.028 [main] INFO  api.test.UserTests2 - ****** Creating User *******
07:41:47.159 [main] INFO  api.test.UserTests2 - ****** Reading User info *******
07:41:51.755 [main] INFO  api.test.UserTests2 - ****** Updating user *******
07:41:51.757 [main] INFO  api.test.UserTests2 - ****** Updated user *******
07:41:56.546 [main] INFO  api.test.UserTests2 - ****** Deleting user *******
07:41:58.721 [main] INFO  api.test.UserTests2 - ****** User deleted *******
07:46:02.260 [main] INFO  api.test.UserTests2 - ****** Creating User *******
07:46:07.782 [main] INFO  api.test.UserTests2 - ****** User is created *******
07:46:07.813 [main] INFO  api.test.UserTests2 - ****** Reading User info *******
07:46:10.106 [main] INFO  api.test.UserTests2 - ****** Updating user *******
07:46:10.109 [main] INFO  api.test.UserTests2 - ****** Updated user *******
07:46:14.655 [main] INFO  api.test.UserTests2 - ****** Deleting user *******
07:46:16.832 [main] INFO  api.test.UserTests2 - ****** User deleted *******
07:52:06.031 [main] INFO  api.test.UserTests2 - ****** Creating User *******
07:52:12.324 [main] INFO  api.test.UserTests2 - ****** User is created *******
07:52:12.366 [main] INFO  api.test.UserTests2 - ****** Reading User info *******
07:52:14.277 [main] INFO  api.test.UserTests2 - ****** Updating user *******
07:52:14.278 [main] INFO  api.test.UserTests2 - ****** Updated user *******
07:52:19.034 [main] INFO  api.test.UserTests2 - ****** Deleting user *******
07:52:21.564 [main] INFO  api.test.UserTests2 - ****** User deleted *******
07:56:47.387 [main] INFO  api.test.UserTests2 - ****** Creating User *******
07:56:54.021 [main] INFO  api.test.UserTests2 - ****** User is created *******
07:56:54.059 [main] INFO  api.test.UserTests2 - ****** Reading User info *******
07:56:55.991 [main] INFO  api.test.UserTests2 - ****** Updating user *******
07:56:55.994 [main] INFO  api.test.UserTests2 - ****** Updated user *******
07:57:00.365 [main] INFO  api.test.UserTests2 - ****** Deleting user *******
07:57:02.167 [main] INFO  api.test.UserTests2 - ****** User deleted *******
07:58:28.487 [main] INFO  api.test.UserTests2 - ****** Creating User *******
07:58:34.233 [main] INFO  api.test.UserTests2 - ****** User is created *******
07:58:34.268 [main] INFO  api.test.UserTests2 - ****** Reading User info *******
07:58:36.505 [main] INFO  api.test.UserTests2 - ****** User info is displayed *******
07:58:36.515 [main] INFO  api.test.UserTests2 - ****** Updating user *******
07:58:36.517 [main] INFO  api.test.UserTests2 - ****** Updated user *******
07:58:41.355 [main] INFO  api.test.UserTests2 - ****** Deleting user *******
07:58:43.518 [main] INFO  api.test.UserTests2 - ****** User deleted *******
14:08:25.013 [main] INFO  api.test.UserTests2 - ****** Creating User *******
14:08:31.543 [main] INFO  api.test.UserTests2 - ****** User is created *******
14:08:31.567 [main] INFO  api.test.UserTests2 - ****** Reading User info *******
14:08:33.787 [main] INFO  api.test.UserTests2 - ****** User info is displayed *******
14:08:33.798 [main] INFO  api.test.UserTests2 - ****** Updating user *******
14:08:33.801 [main] INFO  api.test.UserTests2 - ****** Updated user *******
14:08:38.144 [main] INFO  api.test.UserTests2 - ****** Deleting user *******
14:08:40.381 [main] INFO  api.test.UserTests2 - ****** User deleted *******
14:29:53.717 [main] INFO  api.test.UserTests2 - ****** Creating User *******
14:29:59.495 [main] INFO  api.test.UserTests2 - ****** User is created *******
14:29:59.530 [main] INFO  api.test.UserTests2 - ****** Reading User info *******
14:30:01.841 [main] INFO  api.test.UserTests2 - ****** User info is displayed *******
14:30:01.845 [main] INFO  api.test.UserTests2 - ****** Updating user *******
14:30:01.849 [main] INFO  api.test.UserTests2 - ****** Updated user *******
14:30:06.057 [main] INFO  api.test.UserTests2 - ****** Deleting user *******
14:30:08.012 [main] INFO  api.test.UserTests2 - ****** User deleted *******
08:36:14.052 [main] INFO  api.test.UserTests - ****** Creating User *******
08:36:22.933 [main] INFO  api.test.UserTests - ****** User is created *******
08:36:22.941 [main] INFO  api.test.UserTests - ****** Reading User info *******
08:36:25.618 [main] INFO  api.test.UserTests - ****** User info is displayed *******
08:36:25.619 [main] INFO  api.test.UserTests - ****** Updating user *******
08:36:25.620 [main] INFO  api.test.UserTests - ****** Updated user *******
08:36:32.749 [main] INFO  api.test.UserTests - ****** Deleting user *******
08:36:34.749 [main] INFO  api.test.UserTests - ****** User deleted *******
11:27:53.827 [main] INFO  api.test.UserTests2 - ****** Creating User *******
11:28:04.150 [main] INFO  api.test.UserTests2 - ****** User is created *******
11:28:04.198 [main] INFO  api.test.UserTests2 - ****** Reading User info *******
11:28:06.310 [main] INFO  api.test.UserTests2 - ****** User info is displayed *******
11:28:06.314 [main] INFO  api.test.UserTests2 - ****** Updating user *******
11:28:06.318 [main] INFO  api.test.UserTests2 - ****** Updated user *******
11:28:10.361 [main] INFO  api.test.UserTests2 - ****** Deleting user *******
11:28:12.554 [main] INFO  api.test.UserTests2 - ****** User deleted *******
11:34:24.209 [main] INFO  api.test.UserTests2 - ****** Creating User *******
11:34:30.454 [main] INFO  api.test.UserTests2 - ****** User is created *******
11:34:30.493 [main] INFO  api.test.UserTests2 - ****** Reading User info *******
11:34:33.337 [main] INFO  api.test.UserTests2 - ****** User info is displayed *******
11:34:33.340 [main] INFO  api.test.UserTests2 - ****** Updating user *******
11:34:33.342 [main] INFO  api.test.UserTests2 - ****** Updated user *******
11:34:37.503 [main] INFO  api.test.UserTests2 - ****** Deleting user *******
11:34:39.634 [main] INFO  api.test.UserTests2 - ****** User deleted *******
19:41:45.317 [main] INFO  api.test.UserTests2 - ****** Creating User *******
19:41:53.107 [main] INFO  api.test.UserTests2 - ****** User is created *******
19:41:53.162 [main] INFO  api.test.UserTests2 - ****** Reading User info *******
19:41:55.514 [main] INFO  api.test.UserTests2 - ****** User info is displayed *******
19:41:55.519 [main] INFO  api.test.UserTests2 - ****** Updating user *******
19:41:55.519 [main] INFO  api.test.UserTests2 - ****** Updated user *******
19:42:00.260 [main] INFO  api.test.UserTests2 - ****** Deleting user *******
19:42:02.271 [main] INFO  api.test.UserTests2 - ****** User deleted *******
19:45:51.341 [main] INFO  api.test.UserTests2 - ****** Creating User *******
19:45:58.218 [main] INFO  api.test.UserTests2 - ****** User is created *******
19:45:58.240 [main] INFO  api.test.UserTests2 - ****** Reading User info *******
19:46:00.425 [main] INFO  api.test.UserTests2 - ****** User info is displayed *******
19:46:00.431 [main] INFO  api.test.UserTests2 - ****** Updating user *******
19:46:00.433 [main] INFO  api.test.UserTests2 - ****** Updated user *******
19:46:04.851 [main] INFO  api.test.UserTests2 - ****** Deleting user *******
19:46:06.752 [main] INFO  api.test.UserTests2 - ****** User deleted *******
